Using pre-set license
Built from '2021.3/staging' branch; Version is '2021.3.26f1 (a16dc32e0ff2) revision 10579395'; Using compiler version '192829333'; Build Type 'Release'
OS: 'Windows 10  (10.0.19045) 64bit Professional' Language: 'ru' Physical Memory: 16253 MB
BatchMode: 1, IsHumanControllingUs: 0, StartBugReporterOnCrash: 0, Is64bit: 1, IsPro: 1

COMMAND LINE ARGUMENTS:
C:\Program Files\Unity\Hub\Editor\2021.3.26f1\Editor\Unity.exe
-adb2
-batchMode
-noUpm
-name
AssetImportWorker0
-projectPath
D:/Project/RunnerATG/RunnerATG
-logFile
Logs/AssetImportWorker0.log
-srvPort
60638
Successfully changed project path to: D:/Project/RunnerATG/RunnerATG
D:/Project/RunnerATG/RunnerATG
[UnityMemory] Configuration Parameters - Can be set up in boot.config
    "memorysetup-bucket-allocator-granularity=16"
    "memorysetup-bucket-allocator-bucket-count=8"
    "memorysetup-bucket-allocator-block-size=33554432"
    "memorysetup-bucket-allocator-block-count=8"
    "memorysetup-main-allocator-block-size=16777216"
    "memorysetup-thread-allocator-block-size=16777216"
    "memorysetup-gfx-main-allocator-block-size=16777216"
    "memorysetup-gfx-thread-allocator-block-size=16777216"
    "memorysetup-cache-allocator-block-size=4194304"
    "memorysetup-typetree-allocator-block-size=2097152"
    "memorysetup-profiler-bucket-allocator-granularity=16"
    "memorysetup-profiler-bucket-allocator-bucket-count=8"
    "memorysetup-profiler-bucket-allocator-block-size=33554432"
    "memorysetup-profiler-bucket-allocator-block-count=8"
    "memorysetup-profiler-allocator-block-size=16777216"
    "memorysetup-profiler-editor-allocator-block-size=1048576"
    "memorysetup-temp-allocator-size-main=16777216"
    "memorysetup-job-temp-allocator-block-size=2097152"
    "memorysetup-job-temp-allocator-block-size-background=1048576"
    "memorysetup-job-temp-allocator-reduction-small-platforms=262144"
    "memorysetup-temp-allocator-size-background-worker=32768"
    "memorysetup-temp-allocator-size-job-worker=262144"
    "memorysetup-temp-allocator-size-preload-manager=33554432"
    "memorysetup-temp-allocator-size-nav-mesh-worker=65536"
    "memorysetup-temp-allocator-size-audio-worker=65536"
    "memorysetup-temp-allocator-size-cloud-worker=32768"
    "memorysetup-temp-allocator-size-gi-baking-worker=262144"
    "memorysetup-temp-allocator-size-gfx=262144"
Player connection [1808] Host "[IP] 192.168.0.103 [Port] 0 [Flags] 2 [Guid] 1036235888 [EditorId] 1036235888 [Version] 1048832 [Id] WindowsEditor(7,DESKTOP-4CJJ7HF) [Debug] 1 [PackageName] WindowsEditor [ProjectName] Editor" joined multi-casting on [225.0.0.222:54997]...

Player connection [1808] Host "[IP] 192.168.0.103 [Port] 0 [Flags] 2 [Guid] 1036235888 [EditorId] 1036235888 [Version] 1048832 [Id] WindowsEditor(7,DESKTOP-4CJJ7HF) [Debug] 1 [PackageName] WindowsEditor [ProjectName] Editor" joined alternative multi-casting on [225.0.0.222:34997]...

Refreshing native plugins compatible for Editor in 78.14 ms, found 3 plugins.
Preloading 0 native plugins for Editor in 0.00 ms.
Initialize engine version: 2021.3.26f1 (a16dc32e0ff2)
[Subsystems] Discovering subsystems at path C:/Program Files/Unity/Hub/Editor/2021.3.26f1/Editor/Data/Resources/UnitySubsystems
[Subsystems] Discovering subsystems at path D:/Project/RunnerATG/RunnerATG/Assets
GfxDevice: creating device client; threaded=0; jobified=0
Direct3D:
    Version:  Direct3D 11.0 [level 11.1]
    Renderer: NVIDIA GeForce GTX 1050 Ti (ID=0x1c82)
    Vendor:   NVIDIA
    VRAM:     4017 MB
    Driver:   31.0.15.3203
Initialize mono
Mono path[0] = 'C:/Program Files/Unity/Hub/Editor/2021.3.26f1/Editor/Data/Managed'
Mono path[1] = 'C:/Program Files/Unity/Hub/Editor/2021.3.26f1/Editor/Data/MonoBleedingEdge/lib/mono/unityjit-win32'
Mono config path = 'C:/Program Files/Unity/Hub/Editor/2021.3.26f1/Editor/Data/MonoBleedingEdge/etc'
Using monoOptions --debugger-agent=transport=dt_socket,embedding=1,server=y,suspend=n,address=127.0.0.1:56940
Begin MonoManager ReloadAssembly
Registering precompiled unity dll's ...
Register platform support module: C:/Program Files/Unity/Hub/Editor/2021.3.26f1/Editor/Data/PlaybackEngines/WebGLSupport/UnityEditor.WebGL.Extensions.dll
Register platform support module: C:/Program Files/Unity/Hub/Editor/2021.3.26f1/Editor/Data/PlaybackEngines/AndroidPlayer/UnityEditor.Android.Extensions.dll
Register platform support module: C:/Program Files/Unity/Hub/Editor/2021.3.26f1/Editor/Data/PlaybackEngines/iOSSupport/UnityEditor.iOS.Extensions.dll
Register platform support module: C:/Program Files/Unity/Hub/Editor/2021.3.26f1/Editor/Data/PlaybackEngines/WindowsStandaloneSupport/UnityEditor.WindowsStandalone.Extensions.dll
Registered in 0.013069 seconds.
Native extension for WindowsStandalone target not found
[usbmuxd] Start listen thread
[usbmuxd] Listen thread started
Native extension for iOS target not found
Native extension for Android target not found
Android Extension - Scanning For ADB Devices 210 ms
Native extension for WebGL target not found
Refreshing native plugins compatible for Editor in 87.64 ms, found 3 plugins.
Preloading 0 native plugins for Editor in 0.00 ms.
Mono: successfully reloaded assembly
- Completed reload, in  0.899 seconds
Domain Reload Profiling:
	ReloadAssembly (900ms)
		BeginReloadAssembly (84ms)
			ExecutionOrderSort (0ms)
			DisableScriptedObjects (0ms)
			BackupInstance (0ms)
			ReleaseScriptingObjects (0ms)
			CreateAndSetChildDomain (1ms)
		EndReloadAssembly (710ms)
			LoadAssemblies (83ms)
			RebuildTransferFunctionScriptingTraits (0ms)
			SetupTypeCache (116ms)
			ReleaseScriptCaches (0ms)
			RebuildScriptCaches (27ms)
			SetupLoadedEditorAssemblies (518ms)
				LogAssemblyErrors (0ms)
				InitializePlatformSupportModulesInManaged (303ms)
				SetLoadedEditorAssemblies (0ms)
				RefreshPlugins (88ms)
				BeforeProcessingInitializeOnLoad (1ms)
				ProcessInitializeOnLoadAttributes (85ms)
				ProcessInitializeOnLoadMethodAttributes (41ms)
				AfterProcessingInitializeOnLoad (0ms)
				EditorAssembliesLoaded (0ms)
			ExecutionOrderSort2 (0ms)
			AwakeInstancesAfterBackupRestoration (0ms)
Platform modules already initialized, skipping
Registering precompiled user dll's ...
Registered in 0.002752 seconds.
Begin MonoManager ReloadAssembly
Symbol file LoadedFromMemory doesn't match image D:\Project\RunnerATG\RunnerATG\Library\PackageCache\com.unity.visualscripting@1.8.0\Editor\VisualScripting.Core\Dependencies\YamlDotNet\Unity.VisualScripting.YamlDotNet.dll
Symbol file LoadedFromMemory doesn't match image D:\Project\RunnerATG\RunnerATG\Library\PackageCache\com.unity.visualscripting@1.8.0\Editor\VisualScripting.Core\Dependencies\DotNetZip\Unity.VisualScripting.IonicZip.dll
Native extension for WindowsStandalone target not found
Native extension for iOS target not found
Native extension for Android target not found
Native extension for WebGL target not found
Refreshing native plugins compatible for Editor in 0.56 ms, found 3 plugins.
Preloading 0 native plugins for Editor in 0.00 ms.
System.Exception: Error! Visual Scripting: couldn't find visual scripting package
  at Unity.VisualScripting.PackageVersionUtility.get_version () [0x00043] in D:\Project\RunnerATG\RunnerATG\Library\PackageCache\com.unity.visualscripting@1.8.0\Editor\VisualScripting.Core\Utilities\PackageVersionUtility.cs:31 
  at Unity.VisualScripting.BoltCoreManifest.get_version () [0x00000] in D:\Project\RunnerATG\RunnerATG\Library\PackageCache\com.unity.visualscripting@1.8.0\Editor\VisualScripting.Core\Plugin\BoltCoreManifest.cs:11 
  at Unity.VisualScripting.PluginManifest.get_currentVersion () [0x00000] in D:\Project\RunnerATG\RunnerATG\Library\PackageCache\com.unity.visualscripting@1.8.0\Editor\VisualScripting.Core\Plugins\PluginManifest.cs:33 
  at Unity.VisualScripting.PluginManifest.get_versionMismatch () [0x00000] in D:\Project\RunnerATG\RunnerATG\Library\PackageCache\com.unity.visualscripting@1.8.0\Editor\VisualScripting.Core\Plugins\PluginManifest.cs:48 
  at Unity.VisualScripting.PluginContainer.Initialize () [0x00525] in D:\Project\RunnerATG\RunnerATG\Library\PackageCache\com.unity.visualscripting@1.8.0\Editor\VisualScripting.Core\Plugins\PluginContainer.cs:208 
  at Unity.VisualScripting.PluginContainer.InitializeOnLoad () [0x00009] in D:\Project\RunnerATG\RunnerATG\Library\PackageCache\com.unity.visualscripting@1.8.0\Editor\VisualScripting.Core\Plugins\PluginContainer.cs:32 
  at Unity.VisualScripting.VSUsageUtility.DoInitializeOnLoadCalls () [0x00034] in D:\Project\RunnerATG\RunnerATG\Library\PackageCache\com.unity.visualscripting@1.8.0\Editor\VisualScripting.Core\Utilities\VSUsageUtility.cs:76 
  at Unity.VisualScripting.VSUsageUtility.set_isVisualScriptingUsed (System.Boolean value) [0x0002c] in D:\Project\RunnerATG\RunnerATG\Library\PackageCache\com.unity.visualscripting@1.8.0\Editor\VisualScripting.Core\Utilities\VSUsageUtility.cs:114 
  at Unity.VisualScripting.VSUsageUtility.CheckAndSetIsVisualScriptingUsed () [0x00032] in D:\Project\RunnerATG\RunnerATG\Library\PackageCache\com.unity.visualscripting@1.8.0\Editor\VisualScripting.Core\Utilities\VSUsageUtility.cs:48 
  at Unity.VisualScripting.VSUsageUtility..cctor () [0x00000] in D:\Project\RunnerATG\RunnerATG\Library\PackageCache\com.unity.visualscripting@1.8.0\Editor\VisualScripting.Core\Utilities\VSUsageUtility.cs:22 
UnityEngine.StackTraceUtility:ExtractStackTrace ()
UnityEngine.DebugLogHandler:LogFormat (UnityEngine.LogType,UnityEngine.Object,string,object[])
UnityEngine.Logger:Log (UnityEngine.LogType,object)
UnityEngine.Debug:LogError (object)
UnityEditor.EditorAssemblies:ProcessInitializeOnLoadAttributes (System.Type[])

Mono: successfully reloaded assembly
- Completed reload, in  1.418 seconds
Domain Reload Profiling:
	ReloadAssembly (1419ms)
		BeginReloadAssembly (114ms)
			ExecutionOrderSort (0ms)
			DisableScriptedObjects (7ms)
			BackupInstance (0ms)
			ReleaseScriptingObjects (0ms)
			CreateAndSetChildDomain (19ms)
		EndReloadAssembly (1200ms)
			LoadAssemblies (87ms)
			RebuildTransferFunctionScriptingTraits (0ms)
			SetupTypeCache (275ms)
			ReleaseScriptCaches (1ms)
			RebuildScriptCaches (51ms)
			SetupLoadedEditorAssemblies (755ms)
				LogAssemblyErrors (0ms)
				InitializePlatformSupportModulesInManaged (31ms)
				SetLoadedEditorAssemblies (0ms)
				RefreshPlugins (1ms)
				BeforeProcessingInitializeOnLoad (80ms)
				ProcessInitializeOnLoadAttributes (618ms)
				ProcessInitializeOnLoadMethodAttributes (18ms)
				AfterProcessingInitializeOnLoad (8ms)
				EditorAssembliesLoaded (0ms)
			ExecutionOrderSort2 (0ms)
			AwakeInstancesAfterBackupRestoration (5ms)
Platform modules already initialized, skipping
========================================================================
Worker process is ready to serve import requests
Launched and connected shader compiler UnityShaderCompiler.exe after 0.04 seconds
Refreshing native plugins compatible for Editor in 1.04 ms, found 3 plugins.
Preloading 0 native plugins for Editor in 0.00 ms.
Unloading 3470 Unused Serialized files (Serialized files now loaded: 0)
Unloading 24 unused Assets / (385.3 KB). Loaded Objects now: 3953.
Memory consumption went from 150.8 MB to 150.4 MB.
Total: 18.484100 ms (FindLiveObjects: 0.377300 ms CreateObjectMapping: 0.304000 ms MarkObjects: 17.610100 ms  DeleteObjects: 0.191300 ms)

AssetImportParameters requested are different than current active one (requested -> active):
  custom:video-decoder-ogg-theora: a1e56fd34408186e4bbccfd4996cb3dc -> 
  custom:container-muxer-webm: aa71ff27fc2769a1b78a27578f13a17b -> 
  custom:container-demuxer-webm: 4f35f7cbe854078d1ac9338744f61a02 -> 
  custom:video-encoder-webm-vp8: eb34c28f22e8b96e1ab97ce403110664 -> 
  custom:audio-encoder-webm-vorbis: bf7c407c2cedff20999df2af8eb42d56 -> 
  custom:framework-win-MediaFoundation: 216162199b28c13a410421893ffa2e32 -> 
  custom:container-demuxer-ogg: 62fdf1f143b41e24485cea50d1cbac27 -> 
  custom:video-decoder-webm-vp8: 9c59270c3fd7afecdb556c50c9e8de78 -> 
  custom:audio-decoder-ogg-vorbis: bf7c407c2cedff20999df2af8eb42d56 -> 
========================================================================
Received Import Request.
  Time since last request: 226936.201710 seconds.
  path: Assets
  artifactKey: Guid(00000000000000001000000000000000) Importer(815301076,1909f56bfc062723c751e8b465ee728b)
Start importing Assets using Guid(00000000000000001000000000000000) Importer(815301076,1909f56bfc062723c751e8b465ee728b)  -> (artifact id: '79842766b460edbeab6a34051e857a80') in 0.011947 seconds 
========================================================================
Received Import Request.
  Time since last request: 8.631188 seconds.
  path: Assets/AssetsUp
  artifactKey: Guid(020382beb19436d49971d53195dace82) Importer(815301076,1909f56bfc062723c751e8b465ee728b)
Start importing Assets/AssetsUp using Guid(020382beb19436d49971d53195dace82) Importer(815301076,1909f56bfc062723c751e8b465ee728b)  -> (artifact id: 'b301ab26446a52d2edcabbcabc36dc43') in 0.005409 seconds 
========================================================================
Received Import Request.
  Time since last request: 3.558839 seconds.
  path: Assets/Ground textures pack
  artifactKey: Guid(1237c8bfa3b5e1840b44a9cc65161d2a) Importer(815301076,1909f56bfc062723c751e8b465ee728b)
Start importing Assets/Ground textures pack using Guid(1237c8bfa3b5e1840b44a9cc65161d2a) Importer(815301076,1909f56bfc062723c751e8b465ee728b)  -> (artifact id: '3a5bfb4c873ffaccd77dd45bd6c30f61') in 0.005255 seconds 
========================================================================
Received Import Request.
  Time since last request: 1.822720 seconds.
  path: Assets/Ground textures pack/Grass 03
  artifactKey: Guid(b7f9c379d576c6649b52bdf0bfb1e3bd) Importer(815301076,1909f56bfc062723c751e8b465ee728b)
Start importing Assets/Ground textures pack/Grass 03 using Guid(b7f9c379d576c6649b52bdf0bfb1e3bd) Importer(815301076,1909f56bfc062723c751e8b465ee728b)  -> (artifact id: '519fb79d89ab371288b7472a925106d1') in 0.004987 seconds 
========================================================================
Received Import Request.
  Time since last request: 0.069742 seconds.
  path: Assets/Ground textures pack/Grass 03/diffuse.tga
  artifactKey: Guid(e9866699a4ddce642b7da4aeaa74d279) Importer(815301076,1909f56bfc062723c751e8b465ee728b)
Start importing Assets/Ground textures pack/Grass 03/diffuse.tga using Guid(e9866699a4ddce642b7da4aeaa74d279) Importer(815301076,1909f56bfc062723c751e8b465ee728b)  -> (artifact id: '5a6c9ad07eda4065fe0042114ddc4a0d') in 0.081174 seconds 
========================================================================
Received Import Request.
  Time since last request: 0.000015 seconds.
  path: Assets/Ground textures pack/Grass 03/preview.jpg
  artifactKey: Guid(9074a9b5ce95d5b4eb1a31e80b0a0a41) Importer(815301076,1909f56bfc062723c751e8b465ee728b)
Start importing Assets/Ground textures pack/Grass 03/preview.jpg using Guid(9074a9b5ce95d5b4eb1a31e80b0a0a41) Importer(815301076,1909f56bfc062723c751e8b465ee728b)  -> (artifact id: '718951352937bcaaaf72febd0b1956ca') in 0.014694 seconds 
========================================================================
Received Import Request.
  Time since last request: 0.000018 seconds.
  path: Assets/Ground textures pack/Grass 03/normal.tga
  artifactKey: Guid(9cb8a98194aa15642b2ceaa3011ccde3) Importer(815301076,1909f56bfc062723c751e8b465ee728b)
Start importing Assets/Ground textures pack/Grass 03/normal.tga using Guid(9cb8a98194aa15642b2ceaa3011ccde3) Importer(815301076,1909f56bfc062723c751e8b465ee728b)  -> (artifact id: '2f35252c8c7eb88a01008db29153db8f') in 0.017879 seconds 
========================================================================
Received Import Request.
  Time since last request: 15.066262 seconds.
  path: Assets/Ultimate 10 Plus Shaders
  artifactKey: Guid(2ba0e0597a79d0c4c9a15beda31769a4) Importer(815301076,1909f56bfc062723c751e8b465ee728b)
Start importing Assets/Ultimate 10 Plus Shaders using Guid(2ba0e0597a79d0c4c9a15beda31769a4) Importer(815301076,1909f56bfc062723c751e8b465ee728b)  -> (artifact id: 'a174efc207986005a1223570b022a1a9') in 0.005322 seconds 
========================================================================
Received Import Request.
  Time since last request: 2.821862 seconds.
  path: Assets/Ultimate 10 Plus Shaders/Scripts
  artifactKey: Guid(b01e14f3633ee2643ac8e869c00acb0a) Importer(815301076,1909f56bfc062723c751e8b465ee728b)
Start importing Assets/Ultimate 10 Plus Shaders/Scripts using Guid(b01e14f3633ee2643ac8e869c00acb0a) Importer(815301076,1909f56bfc062723c751e8b465ee728b)  -> (artifact id: 'a0ba86c29d9e78a8aa0e8be453da9c53') in 0.005269 seconds 
========================================================================
Received Import Request.
  Time since last request: 7.617324 seconds.
  path: Assets/Unity.VisualScripting.Generated
  artifactKey: Guid(2dbf9702f5e1a2f48b985d6e30a968ea) Importer(815301076,1909f56bfc062723c751e8b465ee728b)
Start importing Assets/Unity.VisualScripting.Generated using Guid(2dbf9702f5e1a2f48b985d6e30a968ea) Importer(815301076,1909f56bfc062723c751e8b465ee728b)  -> (artifact id: 'ee38e9a1910bc8062fd15d052dd8df39') in 0.006533 seconds 
========================================================================
Received Prepare
Registering precompiled user dll's ...
Registered in 0.003074 seconds.
Begin MonoManager ReloadAssembly
Symbol file LoadedFromMemory doesn't match image D:\Project\RunnerATG\RunnerATG\Library\PackageCache\com.unity.visualscripting@1.8.0\Editor\VisualScripting.Core\Dependencies\YamlDotNet\Unity.VisualScripting.YamlDotNet.dll
Symbol file LoadedFromMemory doesn't match image D:\Project\RunnerATG\RunnerATG\Library\PackageCache\com.unity.visualscripting@1.8.0\Editor\VisualScripting.Core\Dependencies\DotNetZip\Unity.VisualScripting.IonicZip.dll
Native extension for WindowsStandalone target not found
Native extension for iOS target not found
Native extension for Android target not found
Native extension for WebGL target not found
Refreshing native plugins compatible for Editor in 0.62 ms, found 3 plugins.
Preloading 0 native plugins for Editor in 0.00 ms.
System.Exception: Error! Visual Scripting: couldn't find visual scripting package
  at Unity.VisualScripting.PackageVersionUtility.get_version () [0x00043] in D:\Project\RunnerATG\RunnerATG\Library\PackageCache\com.unity.visualscripting@1.8.0\Editor\VisualScripting.Core\Utilities\PackageVersionUtility.cs:31 
  at Unity.VisualScripting.BoltCoreManifest.get_version () [0x00000] in D:\Project\RunnerATG\RunnerATG\Library\PackageCache\com.unity.visualscripting@1.8.0\Editor\VisualScripting.Core\Plugin\BoltCoreManifest.cs:11 
  at Unity.VisualScripting.PluginManifest.get_currentVersion () [0x00000] in D:\Project\RunnerATG\RunnerATG\Library\PackageCache\com.unity.visualscripting@1.8.0\Editor\VisualScripting.Core\Plugins\PluginManifest.cs:33 
  at Unity.VisualScripting.PluginManifest.get_versionMismatch () [0x00000] in D:\Project\RunnerATG\RunnerATG\Library\PackageCache\com.unity.visualscripting@1.8.0\Editor\VisualScripting.Core\Plugins\PluginManifest.cs:48 
  at Unity.VisualScripting.PluginContainer.Initialize () [0x00525] in D:\Project\RunnerATG\RunnerATG\Library\PackageCache\com.unity.visualscripting@1.8.0\Editor\VisualScripting.Core\Plugins\PluginContainer.cs:208 
  at Unity.VisualScripting.PluginContainer.InitializeOnLoad () [0x00009] in D:\Project\RunnerATG\RunnerATG\Library\PackageCache\com.unity.visualscripting@1.8.0\Editor\VisualScripting.Core\Plugins\PluginContainer.cs:32 
  at Unity.VisualScripting.VSUsageUtility.DoInitializeOnLoadCalls () [0x00034] in D:\Project\RunnerATG\RunnerATG\Library\PackageCache\com.unity.visualscripting@1.8.0\Editor\VisualScripting.Core\Utilities\VSUsageUtility.cs:76 
  at Unity.VisualScripting.VSUsageUtility.set_isVisualScriptingUsed (System.Boolean value) [0x0002c] in D:\Project\RunnerATG\RunnerATG\Library\PackageCache\com.unity.visualscripting@1.8.0\Editor\VisualScripting.Core\Utilities\VSUsageUtility.cs:114 
  at Unity.VisualScripting.VSUsageUtility.CheckAndSetIsVisualScriptingUsed () [0x0000d] in D:\Project\RunnerATG\RunnerATG\Library\PackageCache\com.unity.visualscripting@1.8.0\Editor\VisualScripting.Core\Utilities\VSUsageUtility.cs:33 
  at Unity.VisualScripting.VSUsageUtility..cctor () [0x00000] in D:\Project\RunnerATG\RunnerATG\Library\PackageCache\com.unity.visualscripting@1.8.0\Editor\VisualScripting.Core\Utilities\VSUsageUtility.cs:22 
UnityEngine.StackTraceUtility:ExtractStackTrace ()
UnityEngine.DebugLogHandler:LogFormat (UnityEngine.LogType,UnityEngine.Object,string,object[])
UnityEngine.Logger:Log (UnityEngine.LogType,object)
UnityEngine.Debug:LogError (object)
UnityEditor.EditorAssemblies:ProcessInitializeOnLoadAttributes (System.Type[])

Mono: successfully reloaded assembly
- Completed reload, in  1.372 seconds
Domain Reload Profiling:
	ReloadAssembly (1373ms)
		BeginReloadAssembly (153ms)
			ExecutionOrderSort (0ms)
			DisableScriptedObjects (5ms)
			BackupInstance (0ms)
			ReleaseScriptingObjects (0ms)
			CreateAndSetChildDomain (38ms)
		EndReloadAssembly (1122ms)
			LoadAssemblies (88ms)
			RebuildTransferFunctionScriptingTraits (0ms)
			SetupTypeCache (282ms)
			ReleaseScriptCaches (1ms)
			RebuildScriptCaches (44ms)
			SetupLoadedEditorAssemblies (487ms)
				LogAssemblyErrors (0ms)
				InitializePlatformSupportModulesInManaged (31ms)
				SetLoadedEditorAssemblies (0ms)
				RefreshPlugins (1ms)
				BeforeProcessingInitializeOnLoad (75ms)
				ProcessInitializeOnLoadAttributes (355ms)
				ProcessInitializeOnLoadMethodAttributes (17ms)
				AfterProcessingInitializeOnLoad (8ms)
				EditorAssembliesLoaded (0ms)
			ExecutionOrderSort2 (0ms)
			AwakeInstancesAfterBackupRestoration (6ms)
Platform modules already initialized, skipping
Refreshing native plugins compatible for Editor in 1.28 ms, found 3 plugins.
Preloading 0 native plugins for Editor in 0.00 ms.
Unloading 3417 Unused Serialized files (Serialized files now loaded: 0)
Unloading 17 unused Assets / (124.9 KB). Loaded Objects now: 3963.
Memory consumption went from 144.9 MB to 144.8 MB.
Total: 10.200500 ms (FindLiveObjects: 0.261800 ms CreateObjectMapping: 0.163500 ms MarkObjects: 9.668900 ms  DeleteObjects: 0.105400 ms)

AssetImportParameters requested are different than current active one (requested -> active):
  custom:video-decoder-ogg-theora: a1e56fd34408186e4bbccfd4996cb3dc -> 
  custom:container-muxer-webm: aa71ff27fc2769a1b78a27578f13a17b -> 
  custom:container-demuxer-webm: 4f35f7cbe854078d1ac9338744f61a02 -> 
  custom:video-encoder-webm-vp8: eb34c28f22e8b96e1ab97ce403110664 -> 
  custom:audio-encoder-webm-vorbis: bf7c407c2cedff20999df2af8eb42d56 -> 
  custom:framework-win-MediaFoundation: 216162199b28c13a410421893ffa2e32 -> 
  custom:container-demuxer-ogg: 62fdf1f143b41e24485cea50d1cbac27 -> 
  custom:video-decoder-webm-vp8: 9c59270c3fd7afecdb556c50c9e8de78 -> 
  custom:audio-decoder-ogg-vorbis: bf7c407c2cedff20999df2af8eb42d56 -> 
========================================================================
Received Import Request.
  Time since last request: 11.897873 seconds.
  path: Assets/White Black GUI
  artifactKey: Guid(ab867b2a1b422be4faf74b999f0c9927) Importer(815301076,1909f56bfc062723c751e8b465ee728b)
Start importing Assets/White Black GUI using Guid(ab867b2a1b422be4faf74b999f0c9927) Importer(815301076,1909f56bfc062723c751e8b465ee728b)  -> (artifact id: 'bc48bf033b2c125f36b84cbc78752a58') in 0.013385 seconds 
========================================================================
Received Import Request.
  Time since last request: 1.077359 seconds.
  path: Assets/White Black GUI/White Icons
  artifactKey: Guid(8825e4718351781498a2edbb7e848897) Importer(815301076,1909f56bfc062723c751e8b465ee728b)
Start importing Assets/White Black GUI/White Icons using Guid(8825e4718351781498a2edbb7e848897) Importer(815301076,1909f56bfc062723c751e8b465ee728b)  -> (artifact id: '6544d821a802fb1848b977e9b800ddcf') in 0.005788 seconds 
========================================================================
Received Import Request.
  Time since last request: 0.052210 seconds.
  path: Assets/White Black GUI/White Icons/facebook.png
  artifactKey: Guid(3641ea12072db464aa39136f064fedca) Importer(815301076,1909f56bfc062723c751e8b465ee728b)
Start importing Assets/White Black GUI/White Icons/facebook.png using Guid(3641ea12072db464aa39136f064fedca) Importer(815301076,1909f56bfc062723c751e8b465ee728b)  -> (artifact id: 'ea011c7b0ddce2368e0151c7001b171d') in 0.097319 seconds 
========================================================================
Received Import Request.
  Time since last request: 0.000019 seconds.
  path: Assets/White Black GUI/White Icons/letter_a.png
  artifactKey: Guid(ea4a3c0a24c8a9d48b9027a6a1df596e) Importer(815301076,1909f56bfc062723c751e8b465ee728b)
Start importing Assets/White Black GUI/White Icons/letter_a.png using Guid(ea4a3c0a24c8a9d48b9027a6a1df596e) Importer(815301076,1909f56bfc062723c751e8b465ee728b)  -> (artifact id: '35eb19ad50a28f6186d43aaaf938ae6b') in 0.030104 seconds 
========================================================================
Received Import Request.
  Time since last request: 0.000020 seconds.
  path: Assets/White Black GUI/White Icons/icon_target.png
  artifactKey: Guid(7b3e0c027198c8a4d8ba80c39eb36a31) Importer(815301076,1909f56bfc062723c751e8b465ee728b)
Start importing Assets/White Black GUI/White Icons/icon_target.png using Guid(7b3e0c027198c8a4d8ba80c39eb36a31) Importer(815301076,1909f56bfc062723c751e8b465ee728b)  -> (artifact id: '6a48753aa56671274c9a7800df43f00d') in 0.035902 seconds 
========================================================================
Received Import Request.
  Time since last request: 0.000017 seconds.
  path: Assets/White Black GUI/White Icons/icon_compass.png
  artifactKey: Guid(fbf7ac59237cbf14798f31650b545fcb) Importer(815301076,1909f56bfc062723c751e8b465ee728b)
Start importing Assets/White Black GUI/White Icons/icon_compass.png using Guid(fbf7ac59237cbf14798f31650b545fcb) Importer(815301076,1909f56bfc062723c751e8b465ee728b)  -> (artifact id: '65f391209abbd3dacf9550eaedcec639') in 0.028147 seconds 
========================================================================
Received Import Request.
  Time since last request: 0.000029 seconds.
  path: Assets/White Black GUI/White Icons/icon_restart.png
  artifactKey: Guid(9fd04721578c6cd4cba8c4290a5140ec) Importer(815301076,1909f56bfc062723c751e8b465ee728b)
Start importing Assets/White Black GUI/White Icons/icon_restart.png using Guid(9fd04721578c6cd4cba8c4290a5140ec) Importer(815301076,1909f56bfc062723c751e8b465ee728b)  -> (artifact id: '8d35c152b5f2ff4a7fff4d97239a498e') in 0.028321 seconds 
========================================================================
Received Import Request.
  Time since last request: 0.000020 seconds.
  path: Assets/White Black GUI/White Icons/icon_options.png
  artifactKey: Guid(867097dfc4af3b74b98c0da89704babb) Importer(815301076,1909f56bfc062723c751e8b465ee728b)
Start importing Assets/White Black GUI/White Icons/icon_options.png using Guid(867097dfc4af3b74b98c0da89704babb) Importer(815301076,1909f56bfc062723c751e8b465ee728b)  -> (artifact id: 'bd05e1df0cfb65a6088856fdb2bc094d') in 0.024694 seconds 
========================================================================
Received Import Request.
  Time since last request: 0.000021 seconds.
  path: Assets/White Black GUI/White Icons/icon_scope.png
  artifactKey: Guid(8fbc75d59ce62e543aacaa433c28b799) Importer(815301076,1909f56bfc062723c751e8b465ee728b)
Start importing Assets/White Black GUI/White Icons/icon_scope.png using Guid(8fbc75d59ce62e543aacaa433c28b799) Importer(815301076,1909f56bfc062723c751e8b465ee728b)  -> (artifact id: '9ee93ca0d3b8a5de1370cc185d3249af') in 0.027023 seconds 
========================================================================
Received Import Request.
  Time since last request: 0.000017 seconds.
  path: Assets/White Black GUI/White Icons/icon_coin.png
  artifactKey: Guid(35728efe31049c344bfa82aff2adf588) Importer(815301076,1909f56bfc062723c751e8b465ee728b)
Start importing Assets/White Black GUI/White Icons/icon_coin.png using Guid(35728efe31049c344bfa82aff2adf588) Importer(815301076,1909f56bfc062723c751e8b465ee728b)  -> (artifact id: '062e6a0c855c008651471e3352102df5') in 0.025305 seconds 
========================================================================
Received Import Request.
  Time since last request: 0.000019 seconds.
  path: Assets/White Black GUI/White Icons/icon_world.png
  artifactKey: Guid(b85c9b4189cbdbb4dbe3742278233bff) Importer(815301076,1909f56bfc062723c751e8b465ee728b)
Start importing Assets/White Black GUI/White Icons/icon_world.png using Guid(b85c9b4189cbdbb4dbe3742278233bff) Importer(815301076,1909f56bfc062723c751e8b465ee728b)  -> (artifact id: '3fc15cc331bab91632e8cffc0ebbc8f7') in 0.029266 seconds 
========================================================================
Received Import Request.
  Time since last request: 0.000022 seconds.
  path: Assets/White Black GUI/White Icons/icon_worldSelect.png
  artifactKey: Guid(c22bbc35d1e161349b377651d8a04b6b) Importer(815301076,1909f56bfc062723c751e8b465ee728b)
Start importing Assets/White Black GUI/White Icons/icon_worldSelect.png using Guid(c22bbc35d1e161349b377651d8a04b6b) Importer(815301076,1909f56bfc062723c751e8b465ee728b)  -> (artifact id: '5437df6f813329b49d9f31e31de23597') in 0.025255 seconds 
========================================================================
Received Import Request.
  Time since last request: 0.000025 seconds.
  path: Assets/White Black GUI/White Icons/number_1.png
  artifactKey: Guid(ca01e3a9c107ef14bb5bd6df8467766f) Importer(815301076,1909f56bfc062723c751e8b465ee728b)
Start importing Assets/White Black GUI/White Icons/number_1.png using Guid(ca01e3a9c107ef14bb5bd6df8467766f) Importer(815301076,1909f56bfc062723c751e8b465ee728b)  -> (artifact id: 'd234b718ef02441baf4d4a5ca8bfb270') in 0.027155 seconds 
========================================================================
Received Import Request.
  Time since last request: 0.000021 seconds.
  path: Assets/White Black GUI/White Icons/sound_off.png
  artifactKey: Guid(644f30dc26091c6489f584af7bf11555) Importer(815301076,1909f56bfc062723c751e8b465ee728b)
Start importing Assets/White Black GUI/White Icons/sound_off.png using Guid(644f30dc26091c6489f584af7bf11555) Importer(815301076,1909f56bfc062723c751e8b465ee728b)  -> (artifact id: '4c80aba9aaf3d68f4cd7c655febce775') in 0.027685 seconds 
========================================================================
Received Import Request.
  Time since last request: 0.000037 seconds.
  path: Assets/White Black GUI/White Icons/icon_list.png
  artifactKey: Guid(8d5e8eb73fba4ff4a9ca41d89348f93f) Importer(815301076,1909f56bfc062723c751e8b465ee728b)
Start importing Assets/White Black GUI/White Icons/icon_list.png using Guid(8d5e8eb73fba4ff4a9ca41d89348f93f) Importer(815301076,1909f56bfc062723c751e8b465ee728b)  -> (artifact id: '78b5fdb84671e00a8131cd9413334294') in 0.036686 seconds 
========================================================================
Received Import Request.
  Time since last request: 0.000015 seconds.
  path: Assets/White Black GUI/White Icons/letter_b.png
  artifactKey: Guid(889960aae71aaca46aa57a0ebeb2b3eb) Importer(815301076,1909f56bfc062723c751e8b465ee728b)
Start importing Assets/White Black GUI/White Icons/letter_b.png using Guid(889960aae71aaca46aa57a0ebeb2b3eb) Importer(815301076,1909f56bfc062723c751e8b465ee728b)  -> (artifact id: '28a1c5e23aef8e65cf1d69fe9b6fbfd7') in 0.037386 seconds 
========================================================================
Received Import Request.
  Time since last request: 0.000024 seconds.
  path: Assets/White Black GUI/White Icons/icon_store.png
  artifactKey: Guid(fbbd711616eceb1439f14b1a2fbc38a7) Importer(815301076,1909f56bfc062723c751e8b465ee728b)
Start importing Assets/White Black GUI/White Icons/icon_store.png using Guid(fbbd711616eceb1439f14b1a2fbc38a7) Importer(815301076,1909f56bfc062723c751e8b465ee728b)  -> (artifact id: '6e693af36b783939fa1ad700b8228745') in 0.029843 seconds 
========================================================================
Received Import Request.
  Time since last request: 0.000021 seconds.
  path: Assets/White Black GUI/White Icons/number_2.png
  artifactKey: Guid(2594e991903611e4d94fd42cd8dd777c) Importer(815301076,1909f56bfc062723c751e8b465ee728b)
Start importing Assets/White Black GUI/White Icons/number_2.png using Guid(2594e991903611e4d94fd42cd8dd777c) Importer(815301076,1909f56bfc062723c751e8b465ee728b)  -> (artifact id: '164f9a465b8c7fc47bcaeb9d74dde498') in 0.030541 seconds 
========================================================================
Received Import Request.
  Time since last request: 0.000020 seconds.
  path: Assets/White Black GUI/White Icons/icon_pause.png
  artifactKey: Guid(2d2e8b24e62adb24ba1d3fc64a28660b) Importer(815301076,1909f56bfc062723c751e8b465ee728b)
Start importing Assets/White Black GUI/White Icons/icon_pause.png using Guid(2d2e8b24e62adb24ba1d3fc64a28660b) Importer(815301076,1909f56bfc062723c751e8b465ee728b)  -> (artifact id: '007e347702b6e1a64a7f288b5a242e6e') in 0.027941 seconds 
========================================================================
Received Import Request.
  Time since last request: 29.381110 seconds.
  path: Assets/Spaceship/LowpolySpaceshipPack/ColorPalette.png
  artifactKey: Guid(2850b391dc833dd4ba2fa119100bbc0d) Importer(815301076,1909f56bfc062723c751e8b465ee728b)
Start importing Assets/Spaceship/LowpolySpaceshipPack/ColorPalette.png using Guid(2850b391dc833dd4ba2fa119100bbc0d) Importer(815301076,1909f56bfc062723c751e8b465ee728b)  -> (artifact id: '4189f967c254c5e821ad8401cb0eea51') in 0.008246 seconds 
========================================================================
Received Import Request.
  Time since last request: 1.339411 seconds.
  path: Assets/Spaceship/LowpolySpaceshipPack/Prefabs/Spaceship1_2.prefab
  artifactKey: Guid(8c0f4e2b6ad743349931ea4d5b0a91d2) Importer(815301076,1909f56bfc062723c751e8b465ee728b)
Start importing Assets/Spaceship/LowpolySpaceshipPack/Prefabs/Spaceship1_2.prefab using Guid(8c0f4e2b6ad743349931ea4d5b0a91d2) Importer(815301076,1909f56bfc062723c751e8b465ee728b)  -> (artifact id: 'b8db224263a62098a34d314236046b65') in 0.070391 seconds 
========================================================================
Received Import Request.
  Time since last request: 0.000021 seconds.
  path: Assets/Spaceship/LowpolySpaceshipPack/Prefabs/Spaceship3_3.prefab
  artifactKey: Guid(b5b83d91619874846ba606c89bea98f2) Importer(815301076,1909f56bfc062723c751e8b465ee728b)
Start importing Assets/Spaceship/LowpolySpaceshipPack/Prefabs/Spaceship3_3.prefab using Guid(b5b83d91619874846ba606c89bea98f2) Importer(815301076,1909f56bfc062723c751e8b465ee728b)  -> (artifact id: '06138390f3550a986f4a9d63ae67d7a2') in 0.019607 seconds 
========================================================================
Received Import Request.
  Time since last request: 0.000044 seconds.
  path: Assets/Spaceship/LowpolySpaceshipPack/Prefabs/Spaceship3_4.prefab
  artifactKey: Guid(adbdb96776522ef41bdaad8bf35e50f2) Importer(815301076,1909f56bfc062723c751e8b465ee728b)
Start importing Assets/Spaceship/LowpolySpaceshipPack/Prefabs/Spaceship3_4.prefab using Guid(adbdb96776522ef41bdaad8bf35e50f2) Importer(815301076,1909f56bfc062723c751e8b465ee728b)  -> (artifact id: 'dd94b458cd4848f1481fdd63a695c3b9') in 0.017284 seconds 
========================================================================
Received Import Request.
  Time since last request: 0.000018 seconds.
  path: Assets/Spaceship/LowpolySpaceshipPack/Prefabs/Spaceship6_1.prefab
  artifactKey: Guid(02c99498010cf1d4e8ec42d0e4140e6b) Importer(815301076,1909f56bfc062723c751e8b465ee728b)
Start importing Assets/Spaceship/LowpolySpaceshipPack/Prefabs/Spaceship6_1.prefab using Guid(02c99498010cf1d4e8ec42d0e4140e6b) Importer(815301076,1909f56bfc062723c751e8b465ee728b)  -> (artifact id: '105951ec4a20068fe2a3d3575450d0a5') in 0.017470 seconds 
========================================================================
Received Import Request.
  Time since last request: 0.000017 seconds.
  path: Assets/Spaceship/LowpolySpaceshipPack/Prefabs/Spaceship5_4.prefab
  artifactKey: Guid(c15a4dc50a446084da057ba569a714a5) Importer(815301076,1909f56bfc062723c751e8b465ee728b)
Start importing Assets/Spaceship/LowpolySpaceshipPack/Prefabs/Spaceship5_4.prefab using Guid(c15a4dc50a446084da057ba569a714a5) Importer(815301076,1909f56bfc062723c751e8b465ee728b)  -> (artifact id: '0e8119e793b341d4ff276334345d532d') in 0.016225 seconds 
========================================================================
Received Import Request.
  Time since last request: 0.000018 seconds.
  path: Assets/Spaceship/LowpolySpaceshipPack/Prefabs/Spaceship7_4.prefab
  artifactKey: Guid(815fa6081d4e0af4594d5c83bddf4dae) Importer(815301076,1909f56bfc062723c751e8b465ee728b)
Start importing Assets/Spaceship/LowpolySpaceshipPack/Prefabs/Spaceship7_4.prefab using Guid(815fa6081d4e0af4594d5c83bddf4dae) Importer(815301076,1909f56bfc062723c751e8b465ee728b)  -> (artifact id: '997cac33c0272ea96b472eaf4f0e26b0') in 0.015466 seconds 
========================================================================
Received Import Request.
  Time since last request: 0.000021 seconds.
  path: Assets/Spaceship/LowpolySpaceshipPack/Prefabs/Spaceship10_1.prefab
  artifactKey: Guid(b929e8a13cc97ec4895fe00f6f6a16ea) Importer(815301076,1909f56bfc062723c751e8b465ee728b)
Start importing Assets/Spaceship/LowpolySpaceshipPack/Prefabs/Spaceship10_1.prefab using Guid(b929e8a13cc97ec4895fe00f6f6a16ea) Importer(815301076,1909f56bfc062723c751e8b465ee728b)  -> (artifact id: '05e731a3569d28f6e5959bf06fe589d8') in 0.016280 seconds 
========================================================================
Received Import Request.
  Time since last request: 0.000016 seconds.
  path: Assets/Spaceship/LowpolySpaceshipPack/Prefabs/Spaceship10_4.prefab
  artifactKey: Guid(74eea32dcdc51e74eb86071b9c6823c1) Importer(815301076,1909f56bfc062723c751e8b465ee728b)
Start importing Assets/Spaceship/LowpolySpaceshipPack/Prefabs/Spaceship10_4.prefab using Guid(74eea32dcdc51e74eb86071b9c6823c1) Importer(815301076,1909f56bfc062723c751e8b465ee728b)  -> (artifact id: 'b4a2f34767fcdf1918fb85766e1507ea') in 0.016649 seconds 
========================================================================
Received Import Request.
  Time since last request: 0.000021 seconds.
  path: Assets/Spaceship/LowpolySpaceshipPack/Prefabs/Spaceship11_4.prefab
  artifactKey: Guid(9cce3c2e3431df6469c5816352eade82) Importer(815301076,1909f56bfc062723c751e8b465ee728b)
Start importing Assets/Spaceship/LowpolySpaceshipPack/Prefabs/Spaceship11_4.prefab using Guid(9cce3c2e3431df6469c5816352eade82) Importer(815301076,1909f56bfc062723c751e8b465ee728b)  -> (artifact id: '41e363a0cd46289026ba71df81e60c98') in 0.018087 seconds 
========================================================================
Received Import Request.
  Time since last request: 0.000017 seconds.
  path: Assets/Spaceship/LowpolySpaceshipPack/Prefabs/Spaceship13_1.prefab
  artifactKey: Guid(f059406a04594ea4bb01ce074cd9e260) Importer(815301076,1909f56bfc062723c751e8b465ee728b)
Start importing Assets/Spaceship/LowpolySpaceshipPack/Prefabs/Spaceship13_1.prefab using Guid(f059406a04594ea4bb01ce074cd9e260) Importer(815301076,1909f56bfc062723c751e8b465ee728b)  -> (artifact id: 'a9a7627b6f427f9ef63c311655c9c912') in 0.017626 seconds 
========================================================================
Received Import Request.
  Time since last request: 0.000018 seconds.
  path: Assets/Spaceship/LowpolySpaceshipPack/Prefabs/Spaceship2_1.prefab
  artifactKey: Guid(d03da79854bda624e81e8fb1ee073105) Importer(815301076,1909f56bfc062723c751e8b465ee728b)
Start importing Assets/Spaceship/LowpolySpaceshipPack/Prefabs/Spaceship2_1.prefab using Guid(d03da79854bda624e81e8fb1ee073105) Importer(815301076,1909f56bfc062723c751e8b465ee728b)  -> (artifact id: '8326f3eca606988528ab1c958818f85b') in 0.014060 seconds 
========================================================================
Received Import Request.
  Time since last request: 0.000017 seconds.
  path: Assets/Spaceship/LowpolySpaceshipPack/Prefabs/Spaceship15_2.prefab
  artifactKey: Guid(af16f444b6a3360418c5419082839f88) Importer(815301076,1909f56bfc062723c751e8b465ee728b)
Start importing Assets/Spaceship/LowpolySpaceshipPack/Prefabs/Spaceship15_2.prefab using Guid(af16f444b6a3360418c5419082839f88) Importer(815301076,1909f56bfc062723c751e8b465ee728b)  -> (artifact id: 'ab6273d3d91a0ba041eb84875f890faa') in 0.017454 seconds 
========================================================================
Received Import Request.
  Time since last request: 0.000029 seconds.
  path: Assets/Spaceship/LowpolySpaceshipPack/Prefabs/Spaceship15_3.prefab
  artifactKey: Guid(76f5ccab0ae83cd44aa9826a94172405) Importer(815301076,1909f56bfc062723c751e8b465ee728b)
Start importing Assets/Spaceship/LowpolySpaceshipPack/Prefabs/Spaceship15_3.prefab using Guid(76f5ccab0ae83cd44aa9826a94172405) Importer(815301076,1909f56bfc062723c751e8b465ee728b)  -> (artifact id: '3487f2ead15051f6c019d73b990a3607') in 0.017091 seconds 
========================================================================
Received Import Request.
  Time since last request: 0.000042 seconds.
  path: Assets/Spaceship/LowpolySpaceshipPack/Prefabs/Spaceship7_2.prefab
  artifactKey: Guid(2630202d75d114d4cbcad3d098d3f9d0) Importer(815301076,1909f56bfc062723c751e8b465ee728b)
Start importing Assets/Spaceship/LowpolySpaceshipPack/Prefabs/Spaceship7_2.prefab using Guid(2630202d75d114d4cbcad3d098d3f9d0) Importer(815301076,1909f56bfc062723c751e8b465ee728b)  -> (artifact id: '850e283f7db8f420c5cdaf6810d8f1bd') in 0.015835 seconds 
========================================================================
Received Import Request.
  Time since last request: 0.000016 seconds.
  path: Assets/Spaceship/LowpolySpaceshipPack/Prefabs/Spaceship14_3.prefab
  artifactKey: Guid(6b182c58bdb304c4b84beb4303f3cbab) Importer(815301076,1909f56bfc062723c751e8b465ee728b)
Start importing Assets/Spaceship/LowpolySpaceshipPack/Prefabs/Spaceship14_3.prefab using Guid(6b182c58bdb304c4b84beb4303f3cbab) Importer(815301076,1909f56bfc062723c751e8b465ee728b)  -> (artifact id: '0fe22a998995ae113bb5310f9545c02d') in 0.019596 seconds 
========================================================================
Received Import Request.
  Time since last request: 0.000019 seconds.
  path: Assets/Spaceship/LowpolySpaceshipPack/Prefabs/Spaceship12_3.prefab
  artifactKey: Guid(a55c396619345b94e8770297247cbac4) Importer(815301076,1909f56bfc062723c751e8b465ee728b)
Start importing Assets/Spaceship/LowpolySpaceshipPack/Prefabs/Spaceship12_3.prefab using Guid(a55c396619345b94e8770297247cbac4) Importer(815301076,1909f56bfc062723c751e8b465ee728b)  -> (artifact id: 'e04220716deb73d46079c610b4bb6adb') in 0.017551 seconds 
========================================================================
Received Import Request.
  Time since last request: 0.000023 seconds.
  path: Assets/Spaceship/LowpolySpaceshipPack/Prefabs/Spaceship9_4.prefab
  artifactKey: Guid(9d9d9d55fbce97f4bae6f379501d5170) Importer(815301076,1909f56bfc062723c751e8b465ee728b)
Start importing Assets/Spaceship/LowpolySpaceshipPack/Prefabs/Spaceship9_4.prefab using Guid(9d9d9d55fbce97f4bae6f379501d5170) Importer(815301076,1909f56bfc062723c751e8b465ee728b)  -> (artifact id: 'c45b3a54add66b3c8d379fb23df41b67') in 0.016606 seconds 
========================================================================
Received Import Request.
  Time since last request: 0.000018 seconds.
  path: Assets/Spaceship/LowpolySpaceshipPack/Prefabs/Spaceship9_1.prefab
  artifactKey: Guid(30826cb523470f8438175cec7a95a293) Importer(815301076,1909f56bfc062723c751e8b465ee728b)
Start importing Assets/Spaceship/LowpolySpaceshipPack/Prefabs/Spaceship9_1.prefab using Guid(30826cb523470f8438175cec7a95a293) Importer(815301076,1909f56bfc062723c751e8b465ee728b)  -> (artifact id: 'd5bc8c4f35679077ec97d061888b72a0') in 0.016569 seconds 
========================================================================
Received Import Request.
  Time since last request: 0.000014 seconds.
  path: Assets/Spaceship/LowpolySpaceshipPack/Prefabs/Spaceship6_4.prefab
  artifactKey: Guid(bd1e4764ed209324d9c4643a58b91d79) Importer(815301076,1909f56bfc062723c751e8b465ee728b)
Start importing Assets/Spaceship/LowpolySpaceshipPack/Prefabs/Spaceship6_4.prefab using Guid(bd1e4764ed209324d9c4643a58b91d79) Importer(815301076,1909f56bfc062723c751e8b465ee728b)  -> (artifact id: '99298cef55522459874826912485784b') in 0.017797 seconds 
Editor requested this worker to shutdown with reason: Scaling down because of idle timeout
AssetImportWorker is now disconnected from the server
Process exiting
Exiting without the bug reporter. Application will terminate with return code 0