Using pre-set license
Built from '2021.3/release' branch; Version is '2021.3.17f1 (3e8111cac19d) revision 4096273'; Using compiler version '192829333'; Build Type 'Release'
OS: 'Windows 10  (10.0.19044) 64bit Professional' Language: 'ru' Physical Memory: 16253 MB
BatchMode: 1, IsHumanControllingUs: 0, StartBugReporterOnCrash: 0, Is64bit: 1, IsPro: 1

COMMAND LINE ARGUMENTS:
D:\Program File\Unity\File\I\2021.3.17f1\Editor\Unity.exe
-adb2
-batchMode
-noUpm
-name
AssetImportWorker2
-projectPath
D:/Program File/Unity/Game/GitHub/RunnerATG/RunnerATG
-logFile
Logs/AssetImportWorker2.log
-srvPort
55219
Successfully changed project path to: D:/Program File/Unity/Game/GitHub/RunnerATG/RunnerATG
D:/Program File/Unity/Game/GitHub/RunnerATG/RunnerATG
[UnityMemory] Configuration Parameters - Can be set up in boot.config
    "memorysetup-bucket-allocator-granularity=16"
    "memorysetup-bucket-allocator-bucket-count=8"
    "memorysetup-bucket-allocator-block-size=33554432"
    "memorysetup-bucket-allocator-block-count=8"
    "memorysetup-main-allocator-block-size=16777216"
    "memorysetup-thread-allocator-block-size=16777216"
    "memorysetup-gfx-main-allocator-block-size=16777216"
    "memorysetup-gfx-thread-allocator-block-size=16777216"
    "memorysetup-cache-allocator-block-size=4194304"
    "memorysetup-typetree-allocator-block-size=2097152"
    "memorysetup-profiler-bucket-allocator-granularity=16"
    "memorysetup-profiler-bucket-allocator-bucket-count=8"
    "memorysetup-profiler-bucket-allocator-block-size=33554432"
    "memorysetup-profiler-bucket-allocator-block-count=8"
    "memorysetup-profiler-allocator-block-size=16777216"
    "memorysetup-profiler-editor-allocator-block-size=1048576"
    "memorysetup-temp-allocator-size-main=16777216"
    "memorysetup-job-temp-allocator-block-size=2097152"
    "memorysetup-job-temp-allocator-block-size-background=1048576"
    "memorysetup-job-temp-allocator-reduction-small-platforms=262144"
    "memorysetup-temp-allocator-size-background-worker=32768"
    "memorysetup-temp-allocator-size-job-worker=262144"
    "memorysetup-temp-allocator-size-preload-manager=33554432"
    "memorysetup-temp-allocator-size-nav-mesh-worker=65536"
    "memorysetup-temp-allocator-size-audio-worker=65536"
    "memorysetup-temp-allocator-size-cloud-worker=32768"
    "memorysetup-temp-allocator-size-gi-baking-worker=262144"
    "memorysetup-temp-allocator-size-gfx=262144"
Player connection [7480] Host "[IP] 192.168.0.103 [Port] 0 [Flags] 2 [Guid] 899015436 [EditorId] 899015436 [Version] 1048832 [Id] WindowsEditor(7,DESKTOP-H9G0TCT) [Debug] 1 [PackageName] WindowsEditor [ProjectName] Editor" joined multi-casting on [225.0.0.222:54997]...

Player connection [7480] Host "[IP] 192.168.0.103 [Port] 0 [Flags] 2 [Guid] 899015436 [EditorId] 899015436 [Version] 1048832 [Id] WindowsEditor(7,DESKTOP-H9G0TCT) [Debug] 1 [PackageName] WindowsEditor [ProjectName] Editor" joined alternative multi-casting on [225.0.0.222:34997]...

Refreshing native plugins compatible for Editor in 93.18 ms, found 3 plugins.
Preloading 0 native plugins for Editor in 0.00 ms.
Initialize engine version: 2021.3.17f1 (3e8111cac19d)
[Subsystems] Discovering subsystems at path D:/Program File/Unity/File/I/2021.3.17f1/Editor/Data/Resources/UnitySubsystems
[Subsystems] Discovering subsystems at path D:/Program File/Unity/Game/GitHub/RunnerATG/RunnerATG/Assets
GfxDevice: creating device client; threaded=0; jobified=0
Direct3D:
    Version:  Direct3D 11.0 [level 11.1]
    Renderer: NVIDIA GeForce GTX 1050 Ti (ID=0x1c82)
    Vendor:   NVIDIA
    VRAM:     4019 MB
    Driver:   31.0.15.1694
Initialize mono
Mono path[0] = 'D:/Program File/Unity/File/I/2021.3.17f1/Editor/Data/Managed'
Mono path[1] = 'D:/Program File/Unity/File/I/2021.3.17f1/Editor/Data/MonoBleedingEdge/lib/mono/unityjit-win32'
Mono config path = 'D:/Program File/Unity/File/I/2021.3.17f1/Editor/Data/MonoBleedingEdge/etc'
Using monoOptions --debugger-agent=transport=dt_socket,embedding=1,server=y,suspend=n,address=127.0.0.1:56608
Begin MonoManager ReloadAssembly
Registering precompiled unity dll's ...
Register platform support module: D:/Program File/Unity/File/I/2021.3.17f1/Editor/Data/PlaybackEngines/WebGLSupport/UnityEditor.WebGL.Extensions.dll
Register platform support module: D:/Program File/Unity/File/I/2021.3.17f1/Editor/Data/PlaybackEngines/AndroidPlayer/UnityEditor.Android.Extensions.dll
Register platform support module: D:/Program File/Unity/File/I/2021.3.17f1/Editor/Data/PlaybackEngines/iOSSupport/UnityEditor.iOS.Extensions.dll
Register platform support module: D:/Program File/Unity/File/I/2021.3.17f1/Editor/Data/PlaybackEngines/WindowsStandaloneSupport/UnityEditor.WindowsStandalone.Extensions.dll
Registered in 0.004177 seconds.
Native extension for WindowsStandalone target not found
[usbmuxd] Start listen thread
[usbmuxd] Listen thread started
Native extension for iOS target not found
Native extension for Android target not found
Android Extension - Scanning For ADB Devices 203 ms
Native extension for WebGL target not found
Refreshing native plugins compatible for Editor in 94.30 ms, found 3 plugins.
Preloading 0 native plugins for Editor in 0.00 ms.
Mono: successfully reloaded assembly
- Completed reload, in  0.851 seconds
Domain Reload Profiling:
	ReloadAssembly (851ms)
		BeginReloadAssembly (65ms)
			ExecutionOrderSort (0ms)
			DisableScriptedObjects (0ms)
			BackupInstance (0ms)
			ReleaseScriptingObjects (0ms)
			CreateAndSetChildDomain (1ms)
		EndReloadAssembly (688ms)
			LoadAssemblies (65ms)
			RebuildTransferFunctionScriptingTraits (0ms)
			SetupTypeCache (109ms)
			ReleaseScriptCaches (0ms)
			RebuildScriptCaches (31ms)
			SetupLoadedEditorAssemblies (497ms)
				LogAssemblyErrors (0ms)
				InitializePlatformSupportModulesInManaged (272ms)
				SetLoadedEditorAssemblies (0ms)
				RefreshPlugins (94ms)
				BeforeProcessingInitializeOnLoad (1ms)
				ProcessInitializeOnLoadAttributes (85ms)
				ProcessInitializeOnLoadMethodAttributes (44ms)
				AfterProcessingInitializeOnLoad (0ms)
				EditorAssembliesLoaded (0ms)
			ExecutionOrderSort2 (0ms)
			AwakeInstancesAfterBackupRestoration (0ms)
Platform modules already initialized, skipping
Registering precompiled user dll's ...
Registered in 0.003433 seconds.
Begin MonoManager ReloadAssembly
Symbol file LoadedFromMemory doesn't match image D:\Program File\Unity\Game\GitHub\RunnerATG\RunnerATG\Library\PackageCache\com.unity.visualscripting@1.8.0\Editor\VisualScripting.Core\Dependencies\YamlDotNet\Unity.VisualScripting.YamlDotNet.dll
Symbol file LoadedFromMemory doesn't match image D:\Program File\Unity\Game\GitHub\RunnerATG\RunnerATG\Library\PackageCache\com.unity.visualscripting@1.8.0\Editor\VisualScripting.Core\Dependencies\DotNetZip\Unity.VisualScripting.IonicZip.dll
Native extension for WindowsStandalone target not found
Native extension for iOS target not found
Native extension for Android target not found
Native extension for WebGL target not found
Refreshing native plugins compatible for Editor in 0.69 ms, found 3 plugins.
Preloading 0 native plugins for Editor in 0.00 ms.
Mono: successfully reloaded assembly
- Completed reload, in  1.083 seconds
Domain Reload Profiling:
	ReloadAssembly (1084ms)
		BeginReloadAssembly (103ms)
			ExecutionOrderSort (0ms)
			DisableScriptedObjects (6ms)
			BackupInstance (0ms)
			ReleaseScriptingObjects (0ms)
			CreateAndSetChildDomain (20ms)
		EndReloadAssembly (869ms)
			LoadAssemblies (76ms)
			RebuildTransferFunctionScriptingTraits (0ms)
			SetupTypeCache (337ms)
			ReleaseScriptCaches (1ms)
			RebuildScriptCaches (52ms)
			SetupLoadedEditorAssemblies (362ms)
				LogAssemblyErrors (0ms)
				InitializePlatformSupportModulesInManaged (25ms)
				SetLoadedEditorAssemblies (0ms)
				RefreshPlugins (1ms)
				BeforeProcessingInitializeOnLoad (88ms)
				ProcessInitializeOnLoadAttributes (223ms)
				ProcessInitializeOnLoadMethodAttributes (22ms)
				AfterProcessingInitializeOnLoad (3ms)
				EditorAssembliesLoaded (0ms)
			ExecutionOrderSort2 (0ms)
			AwakeInstancesAfterBackupRestoration (5ms)
Platform modules already initialized, skipping
========================================================================
Worker process is ready to serve import requests
Launched and connected shader compiler UnityShaderCompiler.exe after 0.04 seconds
Refreshing native plugins compatible for Editor in 0.73 ms, found 3 plugins.
Preloading 0 native plugins for Editor in 0.00 ms.
Unloading 3775 Unused Serialized files (Serialized files now loaded: 0)
Unloading 28 unused Assets / (158.2 KB). Loaded Objects now: 4252.
Memory consumption went from 147.6 MB to 147.5 MB.
Total: 4.486500 ms (FindLiveObjects: 0.406200 ms CreateObjectMapping: 0.308100 ms MarkObjects: 3.592400 ms  DeleteObjects: 0.178500 ms)

AssetImportParameters requested are different than current active one (requested -> active):
  custom:video-decoder-ogg-theora: a1e56fd34408186e4bbccfd4996cb3dc -> 
  custom:container-muxer-webm: aa71ff27fc2769a1b78a27578f13a17b -> 
  custom:container-demuxer-webm: 4f35f7cbe854078d1ac9338744f61a02 -> 
  custom:video-encoder-webm-vp8: eb34c28f22e8b96e1ab97ce403110664 -> 
  custom:audio-encoder-webm-vorbis: bf7c407c2cedff20999df2af8eb42d56 -> 
  custom:framework-win-MediaFoundation: 216162199b28c13a410421893ffa2e32 -> 
  custom:container-demuxer-ogg: 62fdf1f143b41e24485cea50d1cbac27 -> 
  custom:video-decoder-webm-vp8: 9c59270c3fd7afecdb556c50c9e8de78 -> 
  custom:audio-decoder-ogg-vorbis: bf7c407c2cedff20999df2af8eb42d56 -> 
========================================================================
Received Import Request.
  Time since last request: 260661.460528 seconds.
  path: Assets/White Black GUI/White Icons/twitter_02.png
  artifactKey: Guid(85bc08163a7532e4d8eb53f520612780) Importer(815301076,1909f56bfc062723c751e8b465ee728b)
Start importing Assets/White Black GUI/White Icons/twitter_02.png using Guid(85bc08163a7532e4d8eb53f520612780) Importer(815301076,1909f56bfc062723c751e8b465ee728b)  -> (artifact id: 'cb81fb0c96ba1caa9527a3ff280232b6') in 0.111451 seconds 
========================================================================
Received Import Request.
  Time since last request: 0.000023 seconds.
  path: Assets/White Black GUI/White Icons/letter_x.png
  artifactKey: Guid(36b74524835a30443a583f35c8f769e6) Importer(815301076,1909f56bfc062723c751e8b465ee728b)
Start importing Assets/White Black GUI/White Icons/letter_x.png using Guid(36b74524835a30443a583f35c8f769e6) Importer(815301076,1909f56bfc062723c751e8b465ee728b)  -> (artifact id: '8813e21b66352b5613fec03618c4cc62') in 0.034622 seconds 
========================================================================
Received Import Request.
  Time since last request: 0.000021 seconds.
  path: Assets/White Black GUI/White Icons/arrow_down2.png
  artifactKey: Guid(468901a4c518ad5469c42fe403ca50b7) Importer(815301076,1909f56bfc062723c751e8b465ee728b)
Start importing Assets/White Black GUI/White Icons/arrow_down2.png using Guid(468901a4c518ad5469c42fe403ca50b7) Importer(815301076,1909f56bfc062723c751e8b465ee728b)  -> (artifact id: '73c57b3d905dbd452b4d220b006cd4c1') in 0.027375 seconds 
========================================================================
Received Import Request.
  Time since last request: 0.000023 seconds.
  path: Assets/White Black GUI/White Icons/facebook.png
  artifactKey: Guid(3641ea12072db464aa39136f064fedca) Importer(815301076,1909f56bfc062723c751e8b465ee728b)
Start importing Assets/White Black GUI/White Icons/facebook.png using Guid(3641ea12072db464aa39136f064fedca) Importer(815301076,1909f56bfc062723c751e8b465ee728b)  -> (artifact id: '5720593d6af095ec595bdafda3ab9d6a') in 0.027994 seconds 
========================================================================
Received Import Request.
  Time since last request: 0.000018 seconds.
  path: Assets/White Black GUI/White Icons/icon_restart.png
  artifactKey: Guid(9fd04721578c6cd4cba8c4290a5140ec) Importer(815301076,1909f56bfc062723c751e8b465ee728b)
Start importing Assets/White Black GUI/White Icons/icon_restart.png using Guid(9fd04721578c6cd4cba8c4290a5140ec) Importer(815301076,1909f56bfc062723c751e8b465ee728b)  -> (artifact id: 'f01d9c36b0f43d96ae3284ec785b36d1') in 0.022004 seconds 
========================================================================
Received Import Request.
  Time since last request: 0.000037 seconds.
  path: Assets/White Black GUI/White Icons/icon_achievement.png
  artifactKey: Guid(3122a9fb77166294887b94a7bb9616ef) Importer(815301076,1909f56bfc062723c751e8b465ee728b)
Start importing Assets/White Black GUI/White Icons/icon_achievement.png using Guid(3122a9fb77166294887b94a7bb9616ef) Importer(815301076,1909f56bfc062723c751e8b465ee728b)  -> (artifact id: '34ace572720703fdb8b24c0795904ef1') in 0.021185 seconds 
========================================================================
Received Import Request.
  Time since last request: 0.000022 seconds.
  path: Assets/White Black GUI/White Icons/icon_close.png
  artifactKey: Guid(321d1867cb1ed52468bc330dfa7a685d) Importer(815301076,1909f56bfc062723c751e8b465ee728b)
Start importing Assets/White Black GUI/White Icons/icon_close.png using Guid(321d1867cb1ed52468bc330dfa7a685d) Importer(815301076,1909f56bfc062723c751e8b465ee728b)  -> (artifact id: 'ba8e45ee65e0e613fd50f0c84216a49c') in 0.025504 seconds 
========================================================================
Received Import Request.
  Time since last request: 0.000017 seconds.
  path: Assets/White Black GUI/White Icons/arrow_up.png
  artifactKey: Guid(75bb4810c182f4d498da1cbb58794023) Importer(815301076,1909f56bfc062723c751e8b465ee728b)
Start importing Assets/White Black GUI/White Icons/arrow_up.png using Guid(75bb4810c182f4d498da1cbb58794023) Importer(815301076,1909f56bfc062723c751e8b465ee728b)  -> (artifact id: 'd7ce444518d81a650e4168000645d264') in 0.023953 seconds 
========================================================================
Received Import Request.
  Time since last request: 0.000019 seconds.
  path: Assets/White Black GUI/White Icons/icon_play.png
  artifactKey: Guid(22e2e2e4611c59843a05c4b8285ddd50) Importer(815301076,1909f56bfc062723c751e8b465ee728b)
Start importing Assets/White Black GUI/White Icons/icon_play.png using Guid(22e2e2e4611c59843a05c4b8285ddd50) Importer(815301076,1909f56bfc062723c751e8b465ee728b)  -> (artifact id: '142c2af42358f92e2f8cd38629bfd5df') in 0.019656 seconds 
========================================================================
Received Import Request.
  Time since last request: 0.000014 seconds.
  path: Assets/White Black GUI/White Icons/number_1.png
  artifactKey: Guid(ca01e3a9c107ef14bb5bd6df8467766f) Importer(815301076,1909f56bfc062723c751e8b465ee728b)
Start importing Assets/White Black GUI/White Icons/number_1.png using Guid(ca01e3a9c107ef14bb5bd6df8467766f) Importer(815301076,1909f56bfc062723c751e8b465ee728b)  -> (artifact id: 'ce198e8e4c9e7cb0886946ad3d8c214d') in 0.027445 seconds 
========================================================================
Received Import Request.
  Time since last request: 0.000016 seconds.
  path: Assets/White Black GUI/White Icons/letter_y.png
  artifactKey: Guid(3f0430d2ace2dc5409fac3b2b4612944) Importer(815301076,1909f56bfc062723c751e8b465ee728b)
Start importing Assets/White Black GUI/White Icons/letter_y.png using Guid(3f0430d2ace2dc5409fac3b2b4612944) Importer(815301076,1909f56bfc062723c751e8b465ee728b)  -> (artifact id: 'b7e54a8d9739759127798df9e480ed09') in 0.025031 seconds 
========================================================================
Received Import Request.
  Time since last request: 0.000016 seconds.
  path: Assets/White Black GUI/White Icons/arrow_right.png
  artifactKey: Guid(0f7357205e7f64147bcf1eb1f6724b7d) Importer(815301076,1909f56bfc062723c751e8b465ee728b)
Start importing Assets/White Black GUI/White Icons/arrow_right.png using Guid(0f7357205e7f64147bcf1eb1f6724b7d) Importer(815301076,1909f56bfc062723c751e8b465ee728b)  -> (artifact id: '372521858f7549571fff0d1d0487ef55') in 0.029053 seconds 
========================================================================
Received Import Request.
  Time since last request: 0.000018 seconds.
  path: Assets/White Black GUI/White Icons/icon_store.png
  artifactKey: Guid(fbbd711616eceb1439f14b1a2fbc38a7) Importer(815301076,1909f56bfc062723c751e8b465ee728b)
Start importing Assets/White Black GUI/White Icons/icon_store.png using Guid(fbbd711616eceb1439f14b1a2fbc38a7) Importer(815301076,1909f56bfc062723c751e8b465ee728b)  -> (artifact id: 'cc7ee199ef5943581fcf7f2565cc1fab') in 0.026685 seconds 
========================================================================
Received Import Request.
  Time since last request: 0.000018 seconds.
  path: Assets/White Black GUI/White Icons/icon_plus.png
  artifactKey: Guid(e23d82a0d2ded2840ac5e134c589e3ba) Importer(815301076,1909f56bfc062723c751e8b465ee728b)
Start importing Assets/White Black GUI/White Icons/icon_plus.png using Guid(e23d82a0d2ded2840ac5e134c589e3ba) Importer(815301076,1909f56bfc062723c751e8b465ee728b)  -> (artifact id: '25168826eb5821b02c6e31de022e5b6e') in 0.027594 seconds 
Editor requested this worker to shutdown with reason: Scaling down because of idle timeout
AssetImportWorker is now disconnected from the server
Process exiting
Exiting without the bug reporter. Application will terminate with return code 0